<?xml version="1.0" encoding="UTF-8"?>
<robot generator="Robot 4.1.2 (Python 3.10.0 on win32)" generated="20211023 22:45:14.150" rpa="false" schemaversion="2">
<suite id="s1" name="Exercicios" source="C:\Projeto\ProjetosPrime\tests\exercicios.robot">
<test id="s1-t1" name="Caso de Teste 04: Adicionar Clinete">
<kw name="Abrir Navegador" library="Testautomation" type="SETUP">
<kw name="Open Browser" library="SeleniumLibrary">
<arg>Aboult:Blank</arg>
<arg>${BROWSER}</arg>
<doc>Opens a new browser instance to the optional ``url``.</doc>
<msg timestamp="20211023 22:45:14.853" level="INFO">Opening browser 'Chrome' to base url 'Aboult:Blank'.</msg>
<status status="PASS" starttime="20211023 22:45:14.852" endtime="20211023 22:45:35.814"/>
</kw>
<status status="PASS" starttime="20211023 22:45:14.851" endtime="20211023 22:45:35.814"/>
</kw>
<kw name="Acessar a pagina home do site" library="Testautomation">
<doc>Palavra utilizada em todos os testes</doc>
<kw name="Go To" library="SeleniumLibrary">
<arg>${URL}</arg>
<doc>Navigates the current browser window to the provided ``url``.</doc>
<msg timestamp="20211023 22:45:35.816" level="INFO">Opening url 'http://automationpractice.com'</msg>
<status status="PASS" starttime="20211023 22:45:35.816" endtime="20211023 22:45:46.895"/>
</kw>
<kw name="Maximize Browser Window" library="SeleniumLibrary">
<doc>Maximizes current browser window.</doc>
<status status="PASS" starttime="20211023 22:45:46.896" endtime="20211023 22:45:48.490"/>
</kw>
<kw name="Title Should Be" library="SeleniumLibrary">
<arg>My Store</arg>
<doc>Verifies that the current page title equals ``title``.</doc>
<msg timestamp="20211023 22:45:48.628" level="INFO">Page title is 'My Store'.</msg>
<status status="PASS" starttime="20211023 22:45:48.490" endtime="20211023 22:45:48.628"/>
</kw>
<status status="PASS" starttime="20211023 22:45:35.815" endtime="20211023 22:45:48.628"/>
</kw>
<kw name="Clicar em &quot;Sign in&quot;" library="Testautomation">
<kw name="Click Element" library="SeleniumLibrary">
<arg>xpath=//*[@id="header"]/div[2]/div/div/nav/div[1]/a</arg>
<doc>Click the element identified by ``locator``.</doc>
<msg timestamp="20211023 22:45:48.630" level="INFO">Clicking element 'xpath=//*[@id="header"]/div[2]/div/div/nav/div[1]/a'.</msg>
<status status="PASS" starttime="20211023 22:45:48.630" endtime="20211023 22:45:52.401"/>
</kw>
<status status="PASS" starttime="20211023 22:45:48.629" endtime="20211023 22:45:52.401"/>
</kw>
<kw name="Informar um e-mail válido" library="Testautomation">
<kw name="Wait Until Element Is Visible" library="SeleniumLibrary">
<arg>xpath=//label[@for='email_create'][text()='Email address']</arg>
<doc>Waits until the element ``locator`` is visible.</doc>
<status status="PASS" starttime="20211023 22:45:52.401" endtime="20211023 22:45:52.520"/>
</kw>
<kw name="Input Text" library="SeleniumLibrary">
<arg>xpath=//*[@id="email_create"]</arg>
<arg>ser_mais_que_unanime@hotmail.com</arg>
<doc>Types the given ``text`` into the text field identified by ``locator``.</doc>
<msg timestamp="20211023 22:45:52.520" level="INFO">Typing text 'ser_mais_que_unanime@hotmail.com' into text field 'xpath=//*[@id="email_create"]'.</msg>
<status status="PASS" starttime="20211023 22:45:52.520" endtime="20211023 22:45:56.897"/>
</kw>
<status status="PASS" starttime="20211023 22:45:52.401" endtime="20211023 22:45:56.897"/>
</kw>
<kw name="Clicar em &quot;Create an Account&quot;" library="Testautomation">
<kw name="Click Element" library="SeleniumLibrary">
<arg>xpath=//*[@id="SubmitCreate"]/span</arg>
<doc>Click the element identified by ``locator``.</doc>
<msg timestamp="20211023 22:45:56.902" level="INFO">Clicking element 'xpath=//*[@id="SubmitCreate"]/span'.</msg>
<status status="PASS" starttime="20211023 22:45:56.897" endtime="20211023 22:45:59.540"/>
</kw>
<status status="PASS" starttime="20211023 22:45:56.897" endtime="20211023 22:45:59.540"/>
</kw>
<kw name="Preencher os Dados obrigatório" library="Testautomation">
<kw name="Wait Until Element Is Visible" library="SeleniumLibrary">
<arg>xpath=//h1[text()='Create an account']</arg>
<doc>Waits until the element ``locator`` is visible.</doc>
<kw name="Capture Page Screenshot" library="SeleniumLibrary">
<doc>Takes a screenshot of the current page and embeds it into a log file.</doc>
<msg timestamp="20211023 22:47:05.010" level="FAIL">TimeoutException: Message: timeout: Timed out receiving message from renderer: 10.000
  (Session info: chrome=95.0.4638.54)
Stacktrace:
Backtrace:
	Ordinal0 [0x011A3AB3+2505395]
	Ordinal0 [0x0113AE41+2076225]
	Ordinal0 [0x01042498+1057944]
	Ordinal0 [0x01034D0B+1002763]
	Ordinal0 [0x01033D5D+998749]
	Ordinal0 [0x01034127+999719]
	Ordinal0 [0x01048246+1081926]
	Ordinal0 [0x0109F32F+1438511]
	Ordinal0 [0x010859F3+1333747]
	Ordinal0 [0x01095168+1397096]
	Ordinal0 [0x010858BB+1333435]
	Ordinal0 [0x010623E4+1188836]
	Ordinal0 [0x0106323F+1192511]
	GetHandleVerifier [0x0132CB36+1554566]
	GetHandleVerifier [0x013D4A0C+2242396]
	GetHandleVerifier [0x01230E0B+523099]
	GetHandleVerifier [0x0122FEB0+519168]
	Ordinal0 [0x011402FD+2097917]
	Ordinal0 [0x01144388+2114440]
	Ordinal0 [0x011444C2+2114754]
	Ordinal0 [0x0114E041+2154561]
	BaseThreadInitThunk [0x7583FA29+25]
	RtlGetAppContainerNamedObjectPath [0x778A7A9E+286]
	RtlGetAppContainerNamedObjectPath [0x778A7A6E+238]
</msg>
<status status="FAIL" starttime="20211023 22:46:04.627" endtime="20211023 22:47:05.010"/>
</kw>
<msg timestamp="20211023 22:47:05.010" level="WARN">Keyword 'Capture Page Screenshot' could not be run on failure: TimeoutException: Message: timeout: Timed out receiving message from renderer: 10.000
  (Session info: chrome=95.0.4638.54)
Stacktrace:
Backtrace:
	Ordinal0 [0x011A3AB3+2505395]
	Ordinal0 [0x0113AE41+2076225]
	Ordinal0 [0x01042498+1057944]
	Ordinal0 [0x01034D0B+1002763]
	Ordinal0 [0x01033D5D+998749]
	Ordinal0 [0x01034127+999719]
	Ordinal0 [0x01048246+1081926]
	Ordinal0 [0x0109F32F+1438511]
	Ordinal0 [0x010859F3+1333747]
	Ordinal0 [0x01095168+1397096]
	Ordinal0 [0x010858BB+1333435]
	Ordinal0 [0x010623E4+1188836]
	Ordinal0 [0x0106323F+1192511]
	GetHandleVerifier [0x0132CB36+1554566]
	GetHandleVerifier [0x013D4A0C+2242396]
	GetHandleVerifier [0x01230E0B+523099]
	GetHandleVerifier [0x0122FEB0+519168]
	Ordinal0 [0x011402FD+2097917]
	Ordinal0 [0x01144388+2114440]
	Ordinal0 [0x011444C2+2114754]
	Ordinal0 [0x0114E041+2154561]
	BaseThreadInitThunk [0x7583FA29+25]
	RtlGetAppContainerNamedObjectPath [0x778A7A9E+286]
	RtlGetAppContainerNamedObjectPath [0x778A7A6E+238]
</msg>
<msg timestamp="20211023 22:47:05.025" level="FAIL">Element 'xpath=//h1[text()='Create an account']' not visible after 5 seconds.</msg>
<status status="FAIL" starttime="20211023 22:45:59.540" endtime="20211023 22:47:05.025"/>
</kw>
<kw name="Input Text" library="SeleniumLibrary">
<arg>name=customer_firstname</arg>
<arg>Rodrigo</arg>
<doc>Types the given ``text`` into the text field identified by ``locator``.</doc>
<status status="NOT RUN" starttime="20211023 22:47:05.025" endtime="20211023 22:47:05.025"/>
</kw>
<kw name="Input Text" library="SeleniumLibrary">
<arg>name=customer_lastname</arg>
<arg>Augusto</arg>
<doc>Types the given ``text`` into the text field identified by ``locator``.</doc>
<status status="NOT RUN" starttime="20211023 22:47:05.025" endtime="20211023 22:47:05.025"/>
</kw>
<kw name="Input Password" library="SeleniumLibrary">
<arg>name=passwd</arg>
<arg>caramelo1234</arg>
<doc>Types the given password into the text field identified by ``locator``.</doc>
<status status="NOT RUN" starttime="20211023 22:47:05.025" endtime="20211023 22:47:05.025"/>
</kw>
<kw name="Input Text" library="SeleniumLibrary">
<arg>xpath=//*[@id="address1"]</arg>
<arg>Redmond</arg>
<doc>Types the given ``text`` into the text field identified by ``locator``.</doc>
<status status="NOT RUN" starttime="20211023 22:47:05.025" endtime="20211023 22:47:05.025"/>
</kw>
<kw name="Input Text" library="SeleniumLibrary">
<arg>xpath=//*[@id="city"]</arg>
<arg>Albuquerque</arg>
<doc>Types the given ``text`` into the text field identified by ``locator``.</doc>
<status status="NOT RUN" starttime="20211023 22:47:05.025" endtime="20211023 22:47:05.060"/>
</kw>
<kw name="Select From List By Value" library="SeleniumLibrary">
<arg>name=id_state</arg>
<arg>47</arg>
<doc>Selects options from selection list ``locator`` by ``values``.</doc>
<status status="NOT RUN" starttime="20211023 22:47:05.076" endtime="20211023 22:47:05.076"/>
</kw>
<kw name="Input Text" library="SeleniumLibrary">
<arg>xpath=//*[@id="postcode"]</arg>
<arg>98052</arg>
<doc>Types the given ``text`` into the text field identified by ``locator``.</doc>
<status status="NOT RUN" starttime="20211023 22:47:05.076" endtime="20211023 22:47:05.076"/>
</kw>
<kw name="Input Text" library="SeleniumLibrary">
<arg>xpath=//*[@id="phone_mobile"]</arg>
<arg>882-8080</arg>
<doc>Types the given ``text`` into the text field identified by ``locator``.</doc>
<status status="NOT RUN" starttime="20211023 22:47:05.076" endtime="20211023 22:47:05.076"/>
</kw>
<kw name="Click Element" library="SeleniumLibrary">
<arg>xpath=//*[@id="submitAccount"]/span</arg>
<doc>Click the element identified by ``locator``.</doc>
<status status="NOT RUN" starttime="20211023 22:47:05.076" endtime="20211023 22:47:05.076"/>
</kw>
<status status="FAIL" starttime="20211023 22:45:59.540" endtime="20211023 22:47:05.076"/>
</kw>
<kw name="Conferir se o cadastro foi efetuado com sucesso" library="Testautomation">
<status status="NOT RUN" starttime="20211023 22:47:05.076" endtime="20211023 22:47:05.076"/>
</kw>
<kw name="Fechar Navegador" library="Testautomation" type="TEARDOWN">
<kw name="Close Browser" library="SeleniumLibrary">
<doc>Closes the current browser.</doc>
<status status="PASS" starttime="20211023 22:47:05.080" endtime="20211023 22:47:22.037"/>
</kw>
<status status="PASS" starttime="20211023 22:47:05.076" endtime="20211023 22:47:22.037"/>
</kw>
<tag>CASO4</tag>
<status status="FAIL" starttime="20211023 22:45:14.850" endtime="20211023 22:47:22.037">Element 'xpath=//h1[text()='Create an account']' not visible after 5 seconds.</status>
</test>
<doc>Aqui estarão os primeiros teste automatizados web.</doc>
<status status="FAIL" starttime="20211023 22:45:14.153" endtime="20211023 22:47:22.061"/>
</suite>
<statistics>
<total>
<stat pass="0" fail="1" skip="0">All Tests</stat>
</total>
<tag>
<stat pass="0" fail="1" skip="0">CASO4</stat>
</tag>
<suite>
<stat pass="0" fail="1" skip="0" id="s1" name="Exercicios">Exercicios</stat>
</suite>
</statistics>
<errors>
<msg timestamp="20211023 22:47:05.010" level="WARN">Keyword 'Capture Page Screenshot' could not be run on failure: TimeoutException: Message: timeout: Timed out receiving message from renderer: 10.000
  (Session info: chrome=95.0.4638.54)
Stacktrace:
Backtrace:
	Ordinal0 [0x011A3AB3+2505395]
	Ordinal0 [0x0113AE41+2076225]
	Ordinal0 [0x01042498+1057944]
	Ordinal0 [0x01034D0B+1002763]
	Ordinal0 [0x01033D5D+998749]
	Ordinal0 [0x01034127+999719]
	Ordinal0 [0x01048246+1081926]
	Ordinal0 [0x0109F32F+1438511]
	Ordinal0 [0x010859F3+1333747]
	Ordinal0 [0x01095168+1397096]
	Ordinal0 [0x010858BB+1333435]
	Ordinal0 [0x010623E4+1188836]
	Ordinal0 [0x0106323F+1192511]
	GetHandleVerifier [0x0132CB36+1554566]
	GetHandleVerifier [0x013D4A0C+2242396]
	GetHandleVerifier [0x01230E0B+523099]
	GetHandleVerifier [0x0122FEB0+519168]
	Ordinal0 [0x011402FD+2097917]
	Ordinal0 [0x01144388+2114440]
	Ordinal0 [0x011444C2+2114754]
	Ordinal0 [0x0114E041+2154561]
	BaseThreadInitThunk [0x7583FA29+25]
	RtlGetAppContainerNamedObjectPath [0x778A7A9E+286]
	RtlGetAppContainerNamedObjectPath [0x778A7A6E+238]
</msg>
</errors>
</robot>
